<?xml version="1.0" encoding="UTF-8"?>
<testsuite name="com.tw.cn.cap.gtb.todo.AppTest" tests="1" skipped="0" failures="0" errors="0" timestamp="2022-07-02T14:23:02" hostname="LAPTOP-46CMOSE9" time="0.02">
  <properties/>
  <testcase name="should_list_existing_tasks()" classname="com.tw.cn.cap.gtb.todo.AppTest" time="0.02"/>
  <system-out><![CDATA[]]></system-out>
  <system-err><![CDATA[]]></system-err>
</testsuite>
